<?xml version="1.0" encoding="UTF-8"?>
<testsuites>
  <testsuite name="" tests="76" assertions="208" errors="0" warnings="0" failures="0" skipped="0" time="1.132575">
    <testsuite name="Project Test Suite" tests="76" assertions="208" errors="0" warnings="0" failures="0" skipped="0" time="1.132575">
      <testsuite name="App\Tests\Cards\CardGraphicTest" file="/home/joesjo/dbwebb-kurser/mvc/me/report/tests/Cards/CardGraphicTest.php" tests="5" assertions="10" errors="0" warnings="0" failures="0" skipped="0" time="0.005786">
        <testcase name="testInitialValues" class="App\Tests\Cards\CardGraphicTest" classname="App.Tests.Cards.CardGraphicTest" file="/home/joesjo/dbwebb-kurser/mvc/me/report/tests/Cards/CardGraphicTest.php" line="10" assertions="2" time="0.005001"/>
        <testcase name="testAssignValue" class="App\Tests\Cards\CardGraphicTest" classname="App.Tests.Cards.CardGraphicTest" file="/home/joesjo/dbwebb-kurser/mvc/me/report/tests/Cards/CardGraphicTest.php" line="17" assertions="1" time="0.000203"/>
        <testcase name="testAssignSuit" class="App\Tests\Cards\CardGraphicTest" classname="App.Tests.Cards.CardGraphicTest" file="/home/joesjo/dbwebb-kurser/mvc/me/report/tests/Cards/CardGraphicTest.php" line="24" assertions="1" time="0.000186"/>
        <testcase name="testGetAsCard" class="App\Tests\Cards\CardGraphicTest" classname="App.Tests.Cards.CardGraphicTest" file="/home/joesjo/dbwebb-kurser/mvc/me/report/tests/Cards/CardGraphicTest.php" line="31" assertions="5" time="0.000203"/>
        <testcase name="testToString" class="App\Tests\Cards\CardGraphicTest" classname="App.Tests.Cards.CardGraphicTest" file="/home/joesjo/dbwebb-kurser/mvc/me/report/tests/Cards/CardGraphicTest.php" line="51" assertions="1" time="0.000192"/>
      </testsuite>
      <testsuite name="App\Tests\Cards\CardHandTest" file="/home/joesjo/dbwebb-kurser/mvc/me/report/tests/Cards/CardHandTest.php" tests="4" assertions="8" errors="0" warnings="0" failures="0" skipped="0" time="0.002019">
        <testcase name="testInitialCardCount" class="App\Tests\Cards\CardHandTest" classname="App.Tests.Cards.CardHandTest" file="/home/joesjo/dbwebb-kurser/mvc/me/report/tests/Cards/CardHandTest.php" line="11" assertions="1" time="0.000843"/>
        <testcase name="testAddCard" class="App\Tests\Cards\CardHandTest" classname="App.Tests.Cards.CardHandTest" file="/home/joesjo/dbwebb-kurser/mvc/me/report/tests/Cards/CardHandTest.php" line="17" assertions="1" time="0.000210"/>
        <testcase name="testGetCards" class="App\Tests\Cards\CardHandTest" classname="App.Tests.Cards.CardHandTest" file="/home/joesjo/dbwebb-kurser/mvc/me/report/tests/Cards/CardHandTest.php" line="25" assertions="3" time="0.000754"/>
        <testcase name="testCardCount" class="App\Tests\Cards\CardHandTest" classname="App.Tests.Cards.CardHandTest" file="/home/joesjo/dbwebb-kurser/mvc/me/report/tests/Cards/CardHandTest.php" line="39" assertions="3" time="0.000212"/>
      </testsuite>
      <testsuite name="App\Tests\Cards\CardTest" file="/home/joesjo/dbwebb-kurser/mvc/me/report/tests/Cards/CardTest.php" tests="4" assertions="9" errors="0" warnings="0" failures="0" skipped="0" time="0.000763">
        <testcase name="testInitialValues" class="App\Tests\Cards\CardTest" classname="App.Tests.Cards.CardTest" file="/home/joesjo/dbwebb-kurser/mvc/me/report/tests/Cards/CardTest.php" line="10" assertions="2" time="0.000188"/>
        <testcase name="testAssignValue" class="App\Tests\Cards\CardTest" classname="App.Tests.Cards.CardTest" file="/home/joesjo/dbwebb-kurser/mvc/me/report/tests/Cards/CardTest.php" line="17" assertions="1" time="0.000183"/>
        <testcase name="testAssignSuit" class="App\Tests\Cards\CardTest" classname="App.Tests.Cards.CardTest" file="/home/joesjo/dbwebb-kurser/mvc/me/report/tests/Cards/CardTest.php" line="24" assertions="1" time="0.000179"/>
        <testcase name="testGetAsString" class="App\Tests\Cards\CardTest" classname="App.Tests.Cards.CardTest" file="/home/joesjo/dbwebb-kurser/mvc/me/report/tests/Cards/CardTest.php" line="31" assertions="5" time="0.000213"/>
      </testsuite>
      <testsuite name="App\Tests\Cards\DeckOfCardsTest" file="/home/joesjo/dbwebb-kurser/mvc/me/report/tests/Cards/DeckOfCardsTest.php" tests="7" assertions="11" errors="0" warnings="0" failures="0" skipped="0" time="0.083668">
        <testcase name="testInitialDeckCount" class="App\Tests\Cards\DeckOfCardsTest" classname="App.Tests.Cards.DeckOfCardsTest" file="/home/joesjo/dbwebb-kurser/mvc/me/report/tests/Cards/DeckOfCardsTest.php" line="12" assertions="1" time="0.001110"/>
        <testcase name="testDrawCard" class="App\Tests\Cards\DeckOfCardsTest" classname="App.Tests.Cards.DeckOfCardsTest" file="/home/joesjo/dbwebb-kurser/mvc/me/report/tests/Cards/DeckOfCardsTest.php" line="19" assertions="2" time="0.000713"/>
        <testcase name="testShuffleDeck" class="App\Tests\Cards\DeckOfCardsTest" classname="App.Tests.Cards.DeckOfCardsTest" file="/home/joesjo/dbwebb-kurser/mvc/me/report/tests/Cards/DeckOfCardsTest.php" line="28" assertions="1" time="0.077049"/>
        <testcase name="testGetCards" class="App\Tests\Cards\DeckOfCardsTest" classname="App.Tests.Cards.DeckOfCardsTest" file="/home/joesjo/dbwebb-kurser/mvc/me/report/tests/Cards/DeckOfCardsTest.php" line="38" assertions="2" time="0.000457"/>
        <testcase name="testCardCount" class="App\Tests\Cards\DeckOfCardsTest" classname="App.Tests.Cards.DeckOfCardsTest" file="/home/joesjo/dbwebb-kurser/mvc/me/report/tests/Cards/DeckOfCardsTest.php" line="47" assertions="2" time="0.000438"/>
        <testcase name="testSortDeck" class="App\Tests\Cards\DeckOfCardsTest" classname="App.Tests.Cards.DeckOfCardsTest" file="/home/joesjo/dbwebb-kurser/mvc/me/report/tests/Cards/DeckOfCardsTest.php" line="56" assertions="2" time="0.003171"/>
        <testcase name="testDrawCardException" class="App\Tests\Cards\DeckOfCardsTest" classname="App.Tests.Cards.DeckOfCardsTest" file="/home/joesjo/dbwebb-kurser/mvc/me/report/tests/Cards/DeckOfCardsTest.php" line="67" assertions="1" time="0.000730"/>
      </testsuite>
      <testsuite name="App\Tests\Cards\GameTwentyOneTest" file="/home/joesjo/dbwebb-kurser/mvc/me/report/tests/Cards/GameTwentyOneTest.php" tests="8" assertions="19" errors="0" warnings="0" failures="0" skipped="0" time="0.008519">
        <testcase name="testInitialScores" class="App\Tests\Cards\GameTwentyOneTest" classname="App.Tests.Cards.GameTwentyOneTest" file="/home/joesjo/dbwebb-kurser/mvc/me/report/tests/Cards/GameTwentyOneTest.php" line="11" assertions="2" time="0.001633"/>
        <testcase name="testDrawPlayerCard" class="App\Tests\Cards\GameTwentyOneTest" classname="App.Tests.Cards.GameTwentyOneTest" file="/home/joesjo/dbwebb-kurser/mvc/me/report/tests/Cards/GameTwentyOneTest.php" line="18" assertions="2" time="0.000710"/>
        <testcase name="testDrawDealerCard" class="App\Tests\Cards\GameTwentyOneTest" classname="App.Tests.Cards.GameTwentyOneTest" file="/home/joesjo/dbwebb-kurser/mvc/me/report/tests/Cards/GameTwentyOneTest.php" line="26" assertions="2" time="0.000454"/>
        <testcase name="testGetPlayerHand" class="App\Tests\Cards\GameTwentyOneTest" classname="App.Tests.Cards.GameTwentyOneTest" file="/home/joesjo/dbwebb-kurser/mvc/me/report/tests/Cards/GameTwentyOneTest.php" line="34" assertions="2" time="0.000449"/>
        <testcase name="testGetDealerHand" class="App\Tests\Cards\GameTwentyOneTest" classname="App.Tests.Cards.GameTwentyOneTest" file="/home/joesjo/dbwebb-kurser/mvc/me/report/tests/Cards/GameTwentyOneTest.php" line="43" assertions="2" time="0.000447"/>
        <testcase name="testGetDeckCount" class="App\Tests\Cards\GameTwentyOneTest" classname="App.Tests.Cards.GameTwentyOneTest" file="/home/joesjo/dbwebb-kurser/mvc/me/report/tests/Cards/GameTwentyOneTest.php" line="52" assertions="1" time="0.000439"/>
        <testcase name="testIsGameOver" class="App\Tests\Cards\GameTwentyOneTest" classname="App.Tests.Cards.GameTwentyOneTest" file="/home/joesjo/dbwebb-kurser/mvc/me/report/tests/Cards/GameTwentyOneTest.php" line="60" assertions="2" time="0.000840"/>
        <testcase name="testDetermineWinner" class="App\Tests\Cards\GameTwentyOneTest" classname="App.Tests.Cards.GameTwentyOneTest" file="/home/joesjo/dbwebb-kurser/mvc/me/report/tests/Cards/GameTwentyOneTest.php" line="71" assertions="6" time="0.003548"/>
      </testsuite>
      <testsuite name="App\Tests\Controller\ApiQuoteControllerJsonTest" file="/home/joesjo/dbwebb-kurser/mvc/me/report/tests/Controllers/ApiQuoteControllerTest.php" tests="1" assertions="9" errors="0" warnings="0" failures="0" skipped="0" time="0.268724">
        <testcase name="testJsonNumber" class="App\Tests\Controller\ApiQuoteControllerJsonTest" classname="App.Tests.Controller.ApiQuoteControllerJsonTest" file="/home/joesjo/dbwebb-kurser/mvc/me/report/tests/Controllers/ApiQuoteControllerTest.php" line="9" assertions="9" time="0.268724"/>
      </testsuite>
      <testsuite name="App\Tests\Controller\CardsControllerTest" file="/home/joesjo/dbwebb-kurser/mvc/me/report/tests/Controllers/CardsControllerTest.php" tests="5" assertions="14" errors="0" warnings="0" failures="0" skipped="0" time="0.113534">
        <testcase name="testInit" class="App\Tests\Controller\CardsControllerTest" classname="App.Tests.Controller.CardsControllerTest" file="/home/joesjo/dbwebb-kurser/mvc/me/report/tests/Controllers/CardsControllerTest.php" line="9" assertions="2" time="0.029189"/>
        <testcase name="testCard" class="App\Tests\Controller\CardsControllerTest" classname="App.Tests.Controller.CardsControllerTest" file="/home/joesjo/dbwebb-kurser/mvc/me/report/tests/Controllers/CardsControllerTest.php" line="17" assertions="3" time="0.042301"/>
        <testcase name="testDeck" class="App\Tests\Controller\CardsControllerTest" classname="App.Tests.Controller.CardsControllerTest" file="/home/joesjo/dbwebb-kurser/mvc/me/report/tests/Controllers/CardsControllerTest.php" line="26" assertions="3" time="0.015854"/>
        <testcase name="testDrawCard" class="App\Tests\Controller\CardsControllerTest" classname="App.Tests.Controller.CardsControllerTest" file="/home/joesjo/dbwebb-kurser/mvc/me/report/tests/Controllers/CardsControllerTest.php" line="35" assertions="3" time="0.012824"/>
        <testcase name="testDrawMultipleCards" class="App\Tests\Controller\CardsControllerTest" classname="App.Tests.Controller.CardsControllerTest" file="/home/joesjo/dbwebb-kurser/mvc/me/report/tests/Controllers/CardsControllerTest.php" line="44" assertions="3" time="0.013366"/>
      </testsuite>
      <testsuite name="App\Tests\Controller\DiceGameControllerTest" file="/home/joesjo/dbwebb-kurser/mvc/me/report/tests/Controllers/DiceGameControllerTest.php" tests="6" assertions="13" errors="0" warnings="0" failures="0" skipped="0" time="0.296610">
        <testcase name="testInitCallback" class="App\Tests\Controller\DiceGameControllerTest" classname="App.Tests.Controller.DiceGameControllerTest" file="/home/joesjo/dbwebb-kurser/mvc/me/report/tests/Controllers/DiceGameControllerTest.php" line="9" assertions="2" time="0.010413"/>
        <testcase name="testTestRollDice" class="App\Tests\Controller\DiceGameControllerTest" classname="App.Tests.Controller.DiceGameControllerTest" file="/home/joesjo/dbwebb-kurser/mvc/me/report/tests/Controllers/DiceGameControllerTest.php" line="17" assertions="3" time="0.011668"/>
        <testcase name="testTestRollDices" class="App\Tests\Controller\DiceGameControllerTest" classname="App.Tests.Controller.DiceGameControllerTest" file="/home/joesjo/dbwebb-kurser/mvc/me/report/tests/Controllers/DiceGameControllerTest.php" line="26" assertions="3" time="0.010799"/>
        <testcase name="testTestRollDicesException" class="App\Tests\Controller\DiceGameControllerTest" classname="App.Tests.Controller.DiceGameControllerTest" file="/home/joesjo/dbwebb-kurser/mvc/me/report/tests/Controllers/DiceGameControllerTest.php" line="35" assertions="1" time="0.138437"/>
        <testcase name="testTestDiceHand" class="App\Tests\Controller\DiceGameControllerTest" classname="App.Tests.Controller.DiceGameControllerTest" file="/home/joesjo/dbwebb-kurser/mvc/me/report/tests/Controllers/DiceGameControllerTest.php" line="43" assertions="3" time="0.010962"/>
        <testcase name="testTestDiceHandException" class="App\Tests\Controller\DiceGameControllerTest" classname="App.Tests.Controller.DiceGameControllerTest" file="/home/joesjo/dbwebb-kurser/mvc/me/report/tests/Controllers/DiceGameControllerTest.php" line="52" assertions="1" time="0.114331"/>
      </testsuite>
      <testsuite name="App\Tests\Controller\GameTwentyOneControllerTest" file="/home/joesjo/dbwebb-kurser/mvc/me/report/tests/Controllers/GameTwentyOneControllerTest.php" tests="4" assertions="11" errors="0" warnings="0" failures="0" skipped="0" time="0.044995">
        <testcase name="testGameDocs" class="App\Tests\Controller\GameTwentyOneControllerTest" classname="App.Tests.Controller.GameTwentyOneControllerTest" file="/home/joesjo/dbwebb-kurser/mvc/me/report/tests/Controllers/GameTwentyOneControllerTest.php" line="9" assertions="3" time="0.011637"/>
        <testcase name="testGameInfo" class="App\Tests\Controller\GameTwentyOneControllerTest" classname="App.Tests.Controller.GameTwentyOneControllerTest" file="/home/joesjo/dbwebb-kurser/mvc/me/report/tests/Controllers/GameTwentyOneControllerTest.php" line="18" assertions="3" time="0.011918"/>
        <testcase name="testGameReset" class="App\Tests\Controller\GameTwentyOneControllerTest" classname="App.Tests.Controller.GameTwentyOneControllerTest" file="/home/joesjo/dbwebb-kurser/mvc/me/report/tests/Controllers/GameTwentyOneControllerTest.php" line="27" assertions="2" time="0.008231"/>
        <testcase name="testGame" class="App\Tests\Controller\GameTwentyOneControllerTest" classname="App.Tests.Controller.GameTwentyOneControllerTest" file="/home/joesjo/dbwebb-kurser/mvc/me/report/tests/Controllers/GameTwentyOneControllerTest.php" line="35" assertions="3" time="0.013209"/>
      </testsuite>
      <testsuite name="LibraryControllerTest" file="/home/joesjo/dbwebb-kurser/mvc/me/report/tests/Controllers/LibraryControllerTest.php" tests="2" assertions="16" errors="0" warnings="0" failures="0" skipped="0" time="0.159192">
        <testcase name="testCreateBook" class="LibraryControllerTest" classname="LibraryControllerTest" file="/home/joesjo/dbwebb-kurser/mvc/me/report/tests/Controllers/LibraryControllerTest.php" line="7" assertions="8" time="0.107880"/>
        <testcase name="testDeleteLibrary" class="LibraryControllerTest" classname="LibraryControllerTest" file="/home/joesjo/dbwebb-kurser/mvc/me/report/tests/Controllers/LibraryControllerTest.php" line="27" assertions="8" time="0.051312"/>
      </testsuite>
      <testsuite name="App\Tests\Controller\LuckyControllerTwigTest" file="/home/joesjo/dbwebb-kurser/mvc/me/report/tests/Controllers/LuckyControllerTest.php" tests="1" assertions="5" errors="0" warnings="0" failures="0" skipped="0" time="0.012449">
        <testcase name="testLucky" class="App\Tests\Controller\LuckyControllerTwigTest" classname="App.Tests.Controller.LuckyControllerTwigTest" file="/home/joesjo/dbwebb-kurser/mvc/me/report/tests/Controllers/LuckyControllerTest.php" line="9" assertions="5" time="0.012449"/>
      </testsuite>
      <testsuite name="App\Tests\Controller\LuckyControllerTwigUnitTest" file="/home/joesjo/dbwebb-kurser/mvc/me/report/tests/Controllers/LuckyControllerTwigTest.php" tests="1" assertions="4" errors="0" warnings="0" failures="0" skipped="0" time="0.006420">
        <testcase name="testLucky" class="App\Tests\Controller\LuckyControllerTwigUnitTest" classname="App.Tests.Controller.LuckyControllerTwigUnitTest" file="/home/joesjo/dbwebb-kurser/mvc/me/report/tests/Controllers/LuckyControllerTwigTest.php" line="12" assertions="4" time="0.006420"/>
      </testsuite>
      <testsuite name="App\Tests\Controller\MyControllerTest" file="/home/joesjo/dbwebb-kurser/mvc/me/report/tests/Controllers/MyControllerTest.php" tests="7" assertions="22" errors="0" warnings="0" failures="0" skipped="0" time="0.097026">
        <testcase name="testHome" class="App\Tests\Controller\MyControllerTest" classname="App.Tests.Controller.MyControllerTest" file="/home/joesjo/dbwebb-kurser/mvc/me/report/tests/Controllers/MyControllerTest.php" line="9" assertions="3" time="0.011003"/>
        <testcase name="testAbout" class="App\Tests\Controller\MyControllerTest" classname="App.Tests.Controller.MyControllerTest" file="/home/joesjo/dbwebb-kurser/mvc/me/report/tests/Controllers/MyControllerTest.php" line="18" assertions="3" time="0.011026"/>
        <testcase name="testReport" class="App\Tests\Controller\MyControllerTest" classname="App.Tests.Controller.MyControllerTest" file="/home/joesjo/dbwebb-kurser/mvc/me/report/tests/Controllers/MyControllerTest.php" line="27" assertions="3" time="0.015258"/>
        <testcase name="testShowSession" class="App\Tests\Controller\MyControllerTest" classname="App.Tests.Controller.MyControllerTest" file="/home/joesjo/dbwebb-kurser/mvc/me/report/tests/Controllers/MyControllerTest.php" line="36" assertions="3" time="0.010992"/>
        <testcase name="testDeleteSession" class="App\Tests\Controller\MyControllerTest" classname="App.Tests.Controller.MyControllerTest" file="/home/joesjo/dbwebb-kurser/mvc/me/report/tests/Controllers/MyControllerTest.php" line="45" assertions="4" time="0.021279"/>
        <testcase name="testJsonRoutes" class="App\Tests\Controller\MyControllerTest" classname="App.Tests.Controller.MyControllerTest" file="/home/joesjo/dbwebb-kurser/mvc/me/report/tests/Controllers/MyControllerTest.php" line="55" assertions="3" time="0.013251"/>
        <testcase name="testMetrics" class="App\Tests\Controller\MyControllerTest" classname="App.Tests.Controller.MyControllerTest" file="/home/joesjo/dbwebb-kurser/mvc/me/report/tests/Controllers/MyControllerTest.php" line="64" assertions="3" time="0.014217"/>
      </testsuite>
      <testsuite name="App\Tests\Controller\MyControllerUnitTest" file="/home/joesjo/dbwebb-kurser/mvc/me/report/tests/Controllers/MyControllerUnitTest.php" tests="4" assertions="12" errors="0" warnings="0" failures="0" skipped="0" time="0.027207">
        <testcase name="testReport" class="App\Tests\Controller\MyControllerUnitTest" classname="App.Tests.Controller.MyControllerUnitTest" file="/home/joesjo/dbwebb-kurser/mvc/me/report/tests/Controllers/MyControllerUnitTest.php" line="14" assertions="3" time="0.014724"/>
        <testcase name="testHome" class="App\Tests\Controller\MyControllerUnitTest" classname="App.Tests.Controller.MyControllerUnitTest" file="/home/joesjo/dbwebb-kurser/mvc/me/report/tests/Controllers/MyControllerUnitTest.php" line="30" assertions="3" time="0.004076"/>
        <testcase name="testAbout" class="App\Tests\Controller\MyControllerUnitTest" classname="App.Tests.Controller.MyControllerUnitTest" file="/home/joesjo/dbwebb-kurser/mvc/me/report/tests/Controllers/MyControllerUnitTest.php" line="43" assertions="3" time="0.004161"/>
        <testcase name="testMetrics" class="App\Tests\Controller\MyControllerUnitTest" classname="App.Tests.Controller.MyControllerUnitTest" file="/home/joesjo/dbwebb-kurser/mvc/me/report/tests/Controllers/MyControllerUnitTest.php" line="56" assertions="3" time="0.004246"/>
      </testsuite>
      <testsuite name="App\Tests\Dice\DiceGraphicTest" file="/home/joesjo/dbwebb-kurser/mvc/me/report/tests/Dice/DiceGraphicTest.php" tests="4" assertions="10" errors="0" warnings="0" failures="0" skipped="0" time="0.001808">
        <testcase name="testInitialValueIsNull" class="App\Tests\Dice\DiceGraphicTest" classname="App.Tests.Dice.DiceGraphicTest" file="/home/joesjo/dbwebb-kurser/mvc/me/report/tests/Dice/DiceGraphicTest.php" line="10" assertions="1" time="0.000492"/>
        <testcase name="testRollReturnsValueBetween1And6" class="App\Tests\Dice\DiceGraphicTest" classname="App.Tests.Dice.DiceGraphicTest" file="/home/joesjo/dbwebb-kurser/mvc/me/report/tests/Dice/DiceGraphicTest.php" line="16" assertions="4" time="0.000764"/>
        <testcase name="testGetValueAfterRoll" class="App\Tests\Dice\DiceGraphicTest" classname="App.Tests.Dice.DiceGraphicTest" file="/home/joesjo/dbwebb-kurser/mvc/me/report/tests/Dice/DiceGraphicTest.php" line="24" assertions="4" time="0.000318"/>
        <testcase name="testGetAsString" class="App\Tests\Dice\DiceGraphicTest" classname="App.Tests.Dice.DiceGraphicTest" file="/home/joesjo/dbwebb-kurser/mvc/me/report/tests/Dice/DiceGraphicTest.php" line="33" assertions="1" time="0.000234"/>
      </testsuite>
      <testsuite name="App\Tests\Dice\DiceHandTest" file="/home/joesjo/dbwebb-kurser/mvc/me/report/tests/Dice/DiceHandTest.php" tests="5" assertions="24" errors="0" warnings="0" failures="0" skipped="0" time="0.001983">
        <testcase name="testAddDice" class="App\Tests\Dice\DiceHandTest" classname="App.Tests.Dice.DiceHandTest" file="/home/joesjo/dbwebb-kurser/mvc/me/report/tests/Dice/DiceHandTest.php" line="11" assertions="1" time="0.000233"/>
        <testcase name="testRoll" class="App\Tests\Dice\DiceHandTest" classname="App.Tests.Dice.DiceHandTest" file="/home/joesjo/dbwebb-kurser/mvc/me/report/tests/Dice/DiceHandTest.php" line="19" assertions="9" time="0.000453"/>
        <testcase name="testGetNumberDices" class="App\Tests\Dice\DiceHandTest" classname="App.Tests.Dice.DiceHandTest" file="/home/joesjo/dbwebb-kurser/mvc/me/report/tests/Dice/DiceHandTest.php" line="36" assertions="2" time="0.000240"/>
        <testcase name="testGetValues" class="App\Tests\Dice\DiceHandTest" classname="App.Tests.Dice.DiceHandTest" file="/home/joesjo/dbwebb-kurser/mvc/me/report/tests/Dice/DiceHandTest.php" line="46" assertions="9" time="0.000390"/>
        <testcase name="testGetString" class="App\Tests\Dice\DiceHandTest" classname="App.Tests.Dice.DiceHandTest" file="/home/joesjo/dbwebb-kurser/mvc/me/report/tests/Dice/DiceHandTest.php" line="63" assertions="3" time="0.000666"/>
      </testsuite>
      <testsuite name="App\Dice\DiceTest" file="/home/joesjo/dbwebb-kurser/mvc/me/report/tests/Dice/DiceTest.php" tests="3" assertions="6" errors="0" warnings="0" failures="0" skipped="0" time="0.000759">
        <testcase name="testCreateObject" class="App\Dice\DiceTest" classname="App.Dice.DiceTest" file="/home/joesjo/dbwebb-kurser/mvc/me/report/tests/Dice/DiceTest.php" line="15" assertions="2" time="0.000242"/>
        <testcase name="testRollDice" class="App\Dice\DiceTest" classname="App.Dice.DiceTest" file="/home/joesjo/dbwebb-kurser/mvc/me/report/tests/Dice/DiceTest.php" line="28" assertions="3" time="0.000271"/>
        <testcase name="testGetAsString" class="App\Dice\DiceTest" classname="App.Dice.DiceTest" file="/home/joesjo/dbwebb-kurser/mvc/me/report/tests/Dice/DiceTest.php" line="42" assertions="1" time="0.000247"/>
      </testsuite>
      <testsuite name="App\Tests\Entity\LibraryTest" file="/home/joesjo/dbwebb-kurser/mvc/me/report/tests/Entity/LibraryTest.php" tests="5" assertions="5" errors="0" warnings="0" failures="0" skipped="0" time="0.001114">
        <testcase name="testGetSetId" class="App\Tests\Entity\LibraryTest" classname="App.Tests.Entity.LibraryTest" file="/home/joesjo/dbwebb-kurser/mvc/me/report/tests/Entity/LibraryTest.php" line="10" assertions="1" time="0.000224"/>
        <testcase name="testGetSetTitle" class="App\Tests\Entity\LibraryTest" classname="App.Tests.Entity.LibraryTest" file="/home/joesjo/dbwebb-kurser/mvc/me/report/tests/Entity/LibraryTest.php" line="16" assertions="1" time="0.000235"/>
        <testcase name="testGetSetIsbn" class="App\Tests\Entity\LibraryTest" classname="App.Tests.Entity.LibraryTest" file="/home/joesjo/dbwebb-kurser/mvc/me/report/tests/Entity/LibraryTest.php" line="24" assertions="1" time="0.000226"/>
        <testcase name="testGetSetAuthor" class="App\Tests\Entity\LibraryTest" classname="App.Tests.Entity.LibraryTest" file="/home/joesjo/dbwebb-kurser/mvc/me/report/tests/Entity/LibraryTest.php" line="32" assertions="1" time="0.000216"/>
        <testcase name="testGetSetImageUrl" class="App\Tests\Entity\LibraryTest" classname="App.Tests.Entity.LibraryTest" file="/home/joesjo/dbwebb-kurser/mvc/me/report/tests/Entity/LibraryTest.php" line="40" assertions="1" time="0.000213"/>
      </testsuite>
    </testsuite>
  </testsuite>
</testsuites>
