<?xml version="1.0" encoding="UTF-8"?>
<testsuites>
  <testsuite name="" tests="64" assertions="136" errors="0" warnings="0" failures="0" skipped="0" time="0.112398">
    <testsuite name="Project Test Suite" tests="64" assertions="136" errors="0" warnings="0" failures="0" skipped="0" time="0.112398">
      <testsuite name="App\Tests\BlackJack\BlackJackPlayerTest" file="/home/joesjo/dbwebb-kurser/mvc/me/report/tests/Cards/BlackJackPlayerTest.php" tests="8" assertions="14" errors="0" warnings="0" failures="0" skipped="0" time="0.008739">
        <testcase name="testGetScore" class="App\Tests\BlackJack\BlackJackPlayerTest" classname="App.Tests.BlackJack.BlackJackPlayerTest" file="/home/joesjo/dbwebb-kurser/mvc/me/report/tests/Cards/BlackJackPlayerTest.php" line="12" assertions="1" time="0.004977"/>
        <testcase name="testAddCard" class="App\Tests\BlackJack\BlackJackPlayerTest" classname="App.Tests.BlackJack.BlackJackPlayerTest" file="/home/joesjo/dbwebb-kurser/mvc/me/report/tests/Cards/BlackJackPlayerTest.php" line="19" assertions="3" time="0.001380"/>
        <testcase name="testClearHand" class="App\Tests\BlackJack\BlackJackPlayerTest" classname="App.Tests.BlackJack.BlackJackPlayerTest" file="/home/joesjo/dbwebb-kurser/mvc/me/report/tests/Cards/BlackJackPlayerTest.php" line="37" assertions="1" time="0.000952"/>
        <testcase name="testGetCards" class="App\Tests\BlackJack\BlackJackPlayerTest" classname="App.Tests.BlackJack.BlackJackPlayerTest" file="/home/joesjo/dbwebb-kurser/mvc/me/report/tests/Cards/BlackJackPlayerTest.php" line="47" assertions="1" time="0.000429"/>
        <testcase name="testSetBet" class="App\Tests\BlackJack\BlackJackPlayerTest" classname="App.Tests.BlackJack.BlackJackPlayerTest" file="/home/joesjo/dbwebb-kurser/mvc/me/report/tests/Cards/BlackJackPlayerTest.php" line="56" assertions="1" time="0.000190"/>
        <testcase name="testSetBust" class="App\Tests\BlackJack\BlackJackPlayerTest" classname="App.Tests.BlackJack.BlackJackPlayerTest" file="/home/joesjo/dbwebb-kurser/mvc/me/report/tests/Cards/BlackJackPlayerTest.php" line="63" assertions="1" time="0.000187"/>
        <testcase name="testSetStanding" class="App\Tests\BlackJack\BlackJackPlayerTest" classname="App.Tests.BlackJack.BlackJackPlayerTest" file="/home/joesjo/dbwebb-kurser/mvc/me/report/tests/Cards/BlackJackPlayerTest.php" line="70" assertions="1" time="0.000187"/>
        <testcase name="testReset" class="App\Tests\BlackJack\BlackJackPlayerTest" classname="App.Tests.BlackJack.BlackJackPlayerTest" file="/home/joesjo/dbwebb-kurser/mvc/me/report/tests/Cards/BlackJackPlayerTest.php" line="77" assertions="5" time="0.000436"/>
      </testsuite>
      <testsuite name="App\Tests\BlackJack\BlackJackTest" file="/home/joesjo/dbwebb-kurser/mvc/me/report/tests/Cards/BlackJackTest.php" tests="10" assertions="18" errors="0" warnings="0" failures="0" skipped="0" time="0.007810">
        <testcase name="testPlaceBet" class="App\Tests\BlackJack\BlackJackTest" classname="App.Tests.BlackJack.BlackJackTest" file="/home/joesjo/dbwebb-kurser/mvc/me/report/tests/Cards/BlackJackTest.php" line="10" assertions="2" time="0.001182"/>
        <testcase name="testDealInitialCards" class="App\Tests\BlackJack\BlackJackTest" classname="App.Tests.BlackJack.BlackJackTest" file="/home/joesjo/dbwebb-kurser/mvc/me/report/tests/Cards/BlackJackTest.php" line="18" assertions="2" time="0.000492"/>
        <testcase name="testNextRound" class="App\Tests\BlackJack\BlackJackTest" classname="App.Tests.BlackJack.BlackJackTest" file="/home/joesjo/dbwebb-kurser/mvc/me/report/tests/Cards/BlackJackTest.php" line="26" assertions="1" time="0.001465"/>
        <testcase name="testCheckPlayersTurnsOver" class="App\Tests\BlackJack\BlackJackTest" classname="App.Tests.BlackJack.BlackJackTest" file="/home/joesjo/dbwebb-kurser/mvc/me/report/tests/Cards/BlackJackTest.php" line="42" assertions="2" time="0.000491"/>
        <testcase name="testGetDealerCards" class="App\Tests\BlackJack\BlackJackTest" classname="App.Tests.BlackJack.BlackJackTest" file="/home/joesjo/dbwebb-kurser/mvc/me/report/tests/Cards/BlackJackTest.php" line="52" assertions="1" time="0.000486"/>
        <testcase name="testNextTurn" class="App\Tests\BlackJack\BlackJackTest" classname="App.Tests.BlackJack.BlackJackTest" file="/home/joesjo/dbwebb-kurser/mvc/me/report/tests/Cards/BlackJackTest.php" line="59" assertions="3" time="0.000511"/>
        <testcase name="testHit" class="App\Tests\BlackJack\BlackJackTest" classname="App.Tests.BlackJack.BlackJackTest" file="/home/joesjo/dbwebb-kurser/mvc/me/report/tests/Cards/BlackJackTest.php" line="70" assertions="1" time="0.000521"/>
        <testcase name="testStand" class="App\Tests\BlackJack\BlackJackTest" classname="App.Tests.BlackJack.BlackJackTest" file="/home/joesjo/dbwebb-kurser/mvc/me/report/tests/Cards/BlackJackTest.php" line="78" assertions="1" time="0.000446"/>
        <testcase name="testDealerDraw" class="App\Tests\BlackJack\BlackJackTest" classname="App.Tests.BlackJack.BlackJackTest" file="/home/joesjo/dbwebb-kurser/mvc/me/report/tests/Cards/BlackJackTest.php" line="85" assertions="3" time="0.001769"/>
        <testcase name="testIsGameOver" class="App\Tests\BlackJack\BlackJackTest" classname="App.Tests.BlackJack.BlackJackTest" file="/home/joesjo/dbwebb-kurser/mvc/me/report/tests/Cards/BlackJackTest.php" line="93" assertions="2" time="0.000447"/>
      </testsuite>
      <testsuite name="App\Tests\Cards\BlackJackUtilityTest" file="/home/joesjo/dbwebb-kurser/mvc/me/report/tests/Cards/BlackJackUtilityTest.php" tests="1" assertions="2" errors="0" warnings="0" failures="0" skipped="0" time="0.000240">
        <testcase name="testCountScore" class="App\Tests\Cards\BlackJackUtilityTest" classname="App.Tests.Cards.BlackJackUtilityTest" file="/home/joesjo/dbwebb-kurser/mvc/me/report/tests/Cards/BlackJackUtilityTest.php" line="12" assertions="2" time="0.000240"/>
      </testsuite>
      <testsuite name="App\Tests\Cards\CardGraphicTest" file="/home/joesjo/dbwebb-kurser/mvc/me/report/tests/Cards/CardGraphicTest.php" tests="5" assertions="10" errors="0" warnings="0" failures="0" skipped="0" time="0.000975">
        <testcase name="testInitialValues" class="App\Tests\Cards\CardGraphicTest" classname="App.Tests.Cards.CardGraphicTest" file="/home/joesjo/dbwebb-kurser/mvc/me/report/tests/Cards/CardGraphicTest.php" line="10" assertions="2" time="0.000199"/>
        <testcase name="testAssignValue" class="App\Tests\Cards\CardGraphicTest" classname="App.Tests.Cards.CardGraphicTest" file="/home/joesjo/dbwebb-kurser/mvc/me/report/tests/Cards/CardGraphicTest.php" line="17" assertions="1" time="0.000190"/>
        <testcase name="testAssignSuit" class="App\Tests\Cards\CardGraphicTest" classname="App.Tests.Cards.CardGraphicTest" file="/home/joesjo/dbwebb-kurser/mvc/me/report/tests/Cards/CardGraphicTest.php" line="24" assertions="1" time="0.000188"/>
        <testcase name="testGetAsCard" class="App\Tests\Cards\CardGraphicTest" classname="App.Tests.Cards.CardGraphicTest" file="/home/joesjo/dbwebb-kurser/mvc/me/report/tests/Cards/CardGraphicTest.php" line="31" assertions="5" time="0.000209"/>
        <testcase name="testToString" class="App\Tests\Cards\CardGraphicTest" classname="App.Tests.Cards.CardGraphicTest" file="/home/joesjo/dbwebb-kurser/mvc/me/report/tests/Cards/CardGraphicTest.php" line="51" assertions="1" time="0.000190"/>
      </testsuite>
      <testsuite name="App\Tests\Cards\CardHandTest" file="/home/joesjo/dbwebb-kurser/mvc/me/report/tests/Cards/CardHandTest.php" tests="4" assertions="8" errors="0" warnings="0" failures="0" skipped="0" time="0.001144">
        <testcase name="testInitialCardCount" class="App\Tests\Cards\CardHandTest" classname="App.Tests.Cards.CardHandTest" file="/home/joesjo/dbwebb-kurser/mvc/me/report/tests/Cards/CardHandTest.php" line="11" assertions="1" time="0.000182"/>
        <testcase name="testAddCard" class="App\Tests\Cards\CardHandTest" classname="App.Tests.Cards.CardHandTest" file="/home/joesjo/dbwebb-kurser/mvc/me/report/tests/Cards/CardHandTest.php" line="17" assertions="1" time="0.000220"/>
        <testcase name="testGetCards" class="App\Tests\Cards\CardHandTest" classname="App.Tests.Cards.CardHandTest" file="/home/joesjo/dbwebb-kurser/mvc/me/report/tests/Cards/CardHandTest.php" line="25" assertions="3" time="0.000524"/>
        <testcase name="testCardCount" class="App\Tests\Cards\CardHandTest" classname="App.Tests.Cards.CardHandTest" file="/home/joesjo/dbwebb-kurser/mvc/me/report/tests/Cards/CardHandTest.php" line="39" assertions="3" time="0.000218"/>
      </testsuite>
      <testsuite name="App\Tests\Cards\CardTest" file="/home/joesjo/dbwebb-kurser/mvc/me/report/tests/Cards/CardTest.php" tests="4" assertions="9" errors="0" warnings="0" failures="0" skipped="0" time="0.000777">
        <testcase name="testInitialValues" class="App\Tests\Cards\CardTest" classname="App.Tests.Cards.CardTest" file="/home/joesjo/dbwebb-kurser/mvc/me/report/tests/Cards/CardTest.php" line="10" assertions="2" time="0.000191"/>
        <testcase name="testAssignValue" class="App\Tests\Cards\CardTest" classname="App.Tests.Cards.CardTest" file="/home/joesjo/dbwebb-kurser/mvc/me/report/tests/Cards/CardTest.php" line="17" assertions="1" time="0.000184"/>
        <testcase name="testAssignSuit" class="App\Tests\Cards\CardTest" classname="App.Tests.Cards.CardTest" file="/home/joesjo/dbwebb-kurser/mvc/me/report/tests/Cards/CardTest.php" line="24" assertions="1" time="0.000192"/>
        <testcase name="testGetAsString" class="App\Tests\Cards\CardTest" classname="App.Tests.Cards.CardTest" file="/home/joesjo/dbwebb-kurser/mvc/me/report/tests/Cards/CardTest.php" line="31" assertions="5" time="0.000210"/>
      </testsuite>
      <testsuite name="App\Tests\Cards\DeckOfCardsTest" file="/home/joesjo/dbwebb-kurser/mvc/me/report/tests/Cards/DeckOfCardsTest.php" tests="7" assertions="11" errors="0" warnings="0" failures="0" skipped="0" time="0.078910">
        <testcase name="testInitialDeckCount" class="App\Tests\Cards\DeckOfCardsTest" classname="App.Tests.Cards.DeckOfCardsTest" file="/home/joesjo/dbwebb-kurser/mvc/me/report/tests/Cards/DeckOfCardsTest.php" line="12" assertions="1" time="0.000409"/>
        <testcase name="testDrawCard" class="App\Tests\Cards\DeckOfCardsTest" classname="App.Tests.Cards.DeckOfCardsTest" file="/home/joesjo/dbwebb-kurser/mvc/me/report/tests/Cards/DeckOfCardsTest.php" line="19" assertions="2" time="0.000702"/>
        <testcase name="testShuffleDeck" class="App\Tests\Cards\DeckOfCardsTest" classname="App.Tests.Cards.DeckOfCardsTest" file="/home/joesjo/dbwebb-kurser/mvc/me/report/tests/Cards/DeckOfCardsTest.php" line="28" assertions="1" time="0.073110"/>
        <testcase name="testGetCards" class="App\Tests\Cards\DeckOfCardsTest" classname="App.Tests.Cards.DeckOfCardsTest" file="/home/joesjo/dbwebb-kurser/mvc/me/report/tests/Cards/DeckOfCardsTest.php" line="38" assertions="2" time="0.000512"/>
        <testcase name="testCardCount" class="App\Tests\Cards\DeckOfCardsTest" classname="App.Tests.Cards.DeckOfCardsTest" file="/home/joesjo/dbwebb-kurser/mvc/me/report/tests/Cards/DeckOfCardsTest.php" line="47" assertions="2" time="0.000417"/>
        <testcase name="testSortDeck" class="App\Tests\Cards\DeckOfCardsTest" classname="App.Tests.Cards.DeckOfCardsTest" file="/home/joesjo/dbwebb-kurser/mvc/me/report/tests/Cards/DeckOfCardsTest.php" line="56" assertions="2" time="0.003063"/>
        <testcase name="testDrawCardException" class="App\Tests\Cards\DeckOfCardsTest" classname="App.Tests.Cards.DeckOfCardsTest" file="/home/joesjo/dbwebb-kurser/mvc/me/report/tests/Cards/DeckOfCardsTest.php" line="67" assertions="1" time="0.000696"/>
      </testsuite>
      <testsuite name="App\Tests\Cards\GameTwentyOneTest" file="/home/joesjo/dbwebb-kurser/mvc/me/report/tests/Cards/GameTwentyOneTest.php" tests="8" assertions="19" errors="0" warnings="0" failures="0" skipped="0" time="0.007322">
        <testcase name="testInitialScores" class="App\Tests\Cards\GameTwentyOneTest" classname="App.Tests.Cards.GameTwentyOneTest" file="/home/joesjo/dbwebb-kurser/mvc/me/report/tests/Cards/GameTwentyOneTest.php" line="11" assertions="2" time="0.001119"/>
        <testcase name="testDrawPlayerCard" class="App\Tests\Cards\GameTwentyOneTest" classname="App.Tests.Cards.GameTwentyOneTest" file="/home/joesjo/dbwebb-kurser/mvc/me/report/tests/Cards/GameTwentyOneTest.php" line="18" assertions="2" time="0.000460"/>
        <testcase name="testDrawDealerCard" class="App\Tests\Cards\GameTwentyOneTest" classname="App.Tests.Cards.GameTwentyOneTest" file="/home/joesjo/dbwebb-kurser/mvc/me/report/tests/Cards/GameTwentyOneTest.php" line="26" assertions="2" time="0.000450"/>
        <testcase name="testGetPlayerHand" class="App\Tests\Cards\GameTwentyOneTest" classname="App.Tests.Cards.GameTwentyOneTest" file="/home/joesjo/dbwebb-kurser/mvc/me/report/tests/Cards/GameTwentyOneTest.php" line="34" assertions="2" time="0.000447"/>
        <testcase name="testGetDealerHand" class="App\Tests\Cards\GameTwentyOneTest" classname="App.Tests.Cards.GameTwentyOneTest" file="/home/joesjo/dbwebb-kurser/mvc/me/report/tests/Cards/GameTwentyOneTest.php" line="43" assertions="2" time="0.000447"/>
        <testcase name="testGetDeckCount" class="App\Tests\Cards\GameTwentyOneTest" classname="App.Tests.Cards.GameTwentyOneTest" file="/home/joesjo/dbwebb-kurser/mvc/me/report/tests/Cards/GameTwentyOneTest.php" line="52" assertions="1" time="0.000462"/>
        <testcase name="testIsGameOver" class="App\Tests\Cards\GameTwentyOneTest" classname="App.Tests.Cards.GameTwentyOneTest" file="/home/joesjo/dbwebb-kurser/mvc/me/report/tests/Cards/GameTwentyOneTest.php" line="60" assertions="2" time="0.000466"/>
        <testcase name="testDetermineWinner" class="App\Tests\Cards\GameTwentyOneTest" classname="App.Tests.Cards.GameTwentyOneTest" file="/home/joesjo/dbwebb-kurser/mvc/me/report/tests/Cards/GameTwentyOneTest.php" line="71" assertions="6" time="0.003470"/>
      </testsuite>
      <testsuite name="App\Tests\Dice\DiceGraphicTest" file="/home/joesjo/dbwebb-kurser/mvc/me/report/tests/Dice/DiceGraphicTest.php" tests="4" assertions="10" errors="0" warnings="0" failures="0" skipped="0" time="0.001894">
        <testcase name="testInitialValueIsNull" class="App\Tests\Dice\DiceGraphicTest" classname="App.Tests.Dice.DiceGraphicTest" file="/home/joesjo/dbwebb-kurser/mvc/me/report/tests/Dice/DiceGraphicTest.php" line="10" assertions="1" time="0.000849"/>
        <testcase name="testRollReturnsValueBetween1And6" class="App\Tests\Dice\DiceGraphicTest" classname="App.Tests.Dice.DiceGraphicTest" file="/home/joesjo/dbwebb-kurser/mvc/me/report/tests/Dice/DiceGraphicTest.php" line="16" assertions="4" time="0.000554"/>
        <testcase name="testGetValueAfterRoll" class="App\Tests\Dice\DiceGraphicTest" classname="App.Tests.Dice.DiceGraphicTest" file="/home/joesjo/dbwebb-kurser/mvc/me/report/tests/Dice/DiceGraphicTest.php" line="24" assertions="4" time="0.000299"/>
        <testcase name="testGetAsString" class="App\Tests\Dice\DiceGraphicTest" classname="App.Tests.Dice.DiceGraphicTest" file="/home/joesjo/dbwebb-kurser/mvc/me/report/tests/Dice/DiceGraphicTest.php" line="33" assertions="1" time="0.000192"/>
      </testsuite>
      <testsuite name="App\Tests\Dice\DiceHandTest" file="/home/joesjo/dbwebb-kurser/mvc/me/report/tests/Dice/DiceHandTest.php" tests="5" assertions="24" errors="0" warnings="0" failures="0" skipped="0" time="0.002203">
        <testcase name="testAddDice" class="App\Tests\Dice\DiceHandTest" classname="App.Tests.Dice.DiceHandTest" file="/home/joesjo/dbwebb-kurser/mvc/me/report/tests/Dice/DiceHandTest.php" line="11" assertions="1" time="0.000557"/>
        <testcase name="testRoll" class="App\Tests\Dice\DiceHandTest" classname="App.Tests.Dice.DiceHandTest" file="/home/joesjo/dbwebb-kurser/mvc/me/report/tests/Dice/DiceHandTest.php" line="19" assertions="9" time="0.000349"/>
        <testcase name="testGetNumberDices" class="App\Tests\Dice\DiceHandTest" classname="App.Tests.Dice.DiceHandTest" file="/home/joesjo/dbwebb-kurser/mvc/me/report/tests/Dice/DiceHandTest.php" line="36" assertions="2" time="0.000194"/>
        <testcase name="testGetValues" class="App\Tests\Dice\DiceHandTest" classname="App.Tests.Dice.DiceHandTest" file="/home/joesjo/dbwebb-kurser/mvc/me/report/tests/Dice/DiceHandTest.php" line="46" assertions="9" time="0.000345"/>
        <testcase name="testGetString" class="App\Tests\Dice\DiceHandTest" classname="App.Tests.Dice.DiceHandTest" file="/home/joesjo/dbwebb-kurser/mvc/me/report/tests/Dice/DiceHandTest.php" line="63" assertions="3" time="0.000758"/>
      </testsuite>
      <testsuite name="App\Dice\DiceTest" file="/home/joesjo/dbwebb-kurser/mvc/me/report/tests/Dice/DiceTest.php" tests="3" assertions="6" errors="0" warnings="0" failures="0" skipped="0" time="0.000888">
        <testcase name="testCreateObject" class="App\Dice\DiceTest" classname="App.Dice.DiceTest" file="/home/joesjo/dbwebb-kurser/mvc/me/report/tests/Dice/DiceTest.php" line="15" assertions="2" time="0.000201"/>
        <testcase name="testRollDice" class="App\Dice\DiceTest" classname="App.Dice.DiceTest" file="/home/joesjo/dbwebb-kurser/mvc/me/report/tests/Dice/DiceTest.php" line="28" assertions="3" time="0.000493"/>
        <testcase name="testGetAsString" class="App\Dice\DiceTest" classname="App.Dice.DiceTest" file="/home/joesjo/dbwebb-kurser/mvc/me/report/tests/Dice/DiceTest.php" line="42" assertions="1" time="0.000193"/>
      </testsuite>
      <testsuite name="App\Tests\Entity\LibraryTest" file="/home/joesjo/dbwebb-kurser/mvc/me/report/tests/Entity/LibraryTest.php" tests="5" assertions="5" errors="0" warnings="0" failures="0" skipped="0" time="0.001495">
        <testcase name="testGetSetId" class="App\Tests\Entity\LibraryTest" classname="App.Tests.Entity.LibraryTest" file="/home/joesjo/dbwebb-kurser/mvc/me/report/tests/Entity/LibraryTest.php" line="10" assertions="1" time="0.000747"/>
        <testcase name="testGetSetTitle" class="App\Tests\Entity\LibraryTest" classname="App.Tests.Entity.LibraryTest" file="/home/joesjo/dbwebb-kurser/mvc/me/report/tests/Entity/LibraryTest.php" line="16" assertions="1" time="0.000199"/>
        <testcase name="testGetSetIsbn" class="App\Tests\Entity\LibraryTest" classname="App.Tests.Entity.LibraryTest" file="/home/joesjo/dbwebb-kurser/mvc/me/report/tests/Entity/LibraryTest.php" line="24" assertions="1" time="0.000181"/>
        <testcase name="testGetSetAuthor" class="App\Tests\Entity\LibraryTest" classname="App.Tests.Entity.LibraryTest" file="/home/joesjo/dbwebb-kurser/mvc/me/report/tests/Entity/LibraryTest.php" line="32" assertions="1" time="0.000180"/>
        <testcase name="testGetSetImageUrl" class="App\Tests\Entity\LibraryTest" classname="App.Tests.Entity.LibraryTest" file="/home/joesjo/dbwebb-kurser/mvc/me/report/tests/Entity/LibraryTest.php" line="40" assertions="1" time="0.000188"/>
      </testsuite>
    </testsuite>
  </testsuite>
</testsuites>
