<?xml version="1.0" encoding="UTF-8"?>
<testsuites>
  <testsuite name="" tests="45" assertions="102" errors="0" warnings="0" failures="0" skipped="0" time="0.100821">
    <testsuite name="Project Test Suite" tests="45" assertions="102" errors="0" warnings="0" failures="0" skipped="0" time="0.100821">
      <testsuite name="App\Tests\Cards\CardGraphicTest" file="/home/joesjo/dbwebb-kurser/mvc/me/report/tests/Cards/CardGraphicTest.php" tests="5" assertions="10" errors="0" warnings="0" failures="0" skipped="0" time="0.005297">
        <testcase name="testInitialValues" class="App\Tests\Cards\CardGraphicTest" classname="App.Tests.Cards.CardGraphicTest" file="/home/joesjo/dbwebb-kurser/mvc/me/report/tests/Cards/CardGraphicTest.php" line="10" assertions="2" time="0.004502"/>
        <testcase name="testAssignValue" class="App\Tests\Cards\CardGraphicTest" classname="App.Tests.Cards.CardGraphicTest" file="/home/joesjo/dbwebb-kurser/mvc/me/report/tests/Cards/CardGraphicTest.php" line="17" assertions="1" time="0.000214"/>
        <testcase name="testAssignSuit" class="App\Tests\Cards\CardGraphicTest" classname="App.Tests.Cards.CardGraphicTest" file="/home/joesjo/dbwebb-kurser/mvc/me/report/tests/Cards/CardGraphicTest.php" line="24" assertions="1" time="0.000181"/>
        <testcase name="testGetAsCard" class="App\Tests\Cards\CardGraphicTest" classname="App.Tests.Cards.CardGraphicTest" file="/home/joesjo/dbwebb-kurser/mvc/me/report/tests/Cards/CardGraphicTest.php" line="31" assertions="5" time="0.000212"/>
        <testcase name="testToString" class="App\Tests\Cards\CardGraphicTest" classname="App.Tests.Cards.CardGraphicTest" file="/home/joesjo/dbwebb-kurser/mvc/me/report/tests/Cards/CardGraphicTest.php" line="51" assertions="1" time="0.000189"/>
      </testsuite>
      <testsuite name="App\Tests\Cards\CardHandTest" file="/home/joesjo/dbwebb-kurser/mvc/me/report/tests/Cards/CardHandTest.php" tests="4" assertions="8" errors="0" warnings="0" failures="0" skipped="0" time="0.001710">
        <testcase name="testInitialCardCount" class="App\Tests\Cards\CardHandTest" classname="App.Tests.Cards.CardHandTest" file="/home/joesjo/dbwebb-kurser/mvc/me/report/tests/Cards/CardHandTest.php" line="11" assertions="1" time="0.000536"/>
        <testcase name="testAddCard" class="App\Tests\Cards\CardHandTest" classname="App.Tests.Cards.CardHandTest" file="/home/joesjo/dbwebb-kurser/mvc/me/report/tests/Cards/CardHandTest.php" line="17" assertions="1" time="0.000201"/>
        <testcase name="testGetCards" class="App\Tests\Cards\CardHandTest" classname="App.Tests.Cards.CardHandTest" file="/home/joesjo/dbwebb-kurser/mvc/me/report/tests/Cards/CardHandTest.php" line="25" assertions="3" time="0.000763"/>
        <testcase name="testCardCount" class="App\Tests\Cards\CardHandTest" classname="App.Tests.Cards.CardHandTest" file="/home/joesjo/dbwebb-kurser/mvc/me/report/tests/Cards/CardHandTest.php" line="39" assertions="3" time="0.000210"/>
      </testsuite>
      <testsuite name="App\Tests\Cards\CardTest" file="/home/joesjo/dbwebb-kurser/mvc/me/report/tests/Cards/CardTest.php" tests="4" assertions="9" errors="0" warnings="0" failures="0" skipped="0" time="0.000763">
        <testcase name="testInitialValues" class="App\Tests\Cards\CardTest" classname="App.Tests.Cards.CardTest" file="/home/joesjo/dbwebb-kurser/mvc/me/report/tests/Cards/CardTest.php" line="10" assertions="2" time="0.000188"/>
        <testcase name="testAssignValue" class="App\Tests\Cards\CardTest" classname="App.Tests.Cards.CardTest" file="/home/joesjo/dbwebb-kurser/mvc/me/report/tests/Cards/CardTest.php" line="17" assertions="1" time="0.000183"/>
        <testcase name="testAssignSuit" class="App\Tests\Cards\CardTest" classname="App.Tests.Cards.CardTest" file="/home/joesjo/dbwebb-kurser/mvc/me/report/tests/Cards/CardTest.php" line="24" assertions="1" time="0.000183"/>
        <testcase name="testGetAsString" class="App\Tests\Cards\CardTest" classname="App.Tests.Cards.CardTest" file="/home/joesjo/dbwebb-kurser/mvc/me/report/tests/Cards/CardTest.php" line="31" assertions="5" time="0.000208"/>
      </testsuite>
      <testsuite name="App\Tests\Cards\DeckOfCardsTest" file="/home/joesjo/dbwebb-kurser/mvc/me/report/tests/Cards/DeckOfCardsTest.php" tests="7" assertions="11" errors="0" warnings="0" failures="0" skipped="0" time="0.078188">
        <testcase name="testInitialDeckCount" class="App\Tests\Cards\DeckOfCardsTest" classname="App.Tests.Cards.DeckOfCardsTest" file="/home/joesjo/dbwebb-kurser/mvc/me/report/tests/Cards/DeckOfCardsTest.php" line="12" assertions="1" time="0.000980"/>
        <testcase name="testDrawCard" class="App\Tests\Cards\DeckOfCardsTest" classname="App.Tests.Cards.DeckOfCardsTest" file="/home/joesjo/dbwebb-kurser/mvc/me/report/tests/Cards/DeckOfCardsTest.php" line="19" assertions="2" time="0.000697"/>
        <testcase name="testShuffleDeck" class="App\Tests\Cards\DeckOfCardsTest" classname="App.Tests.Cards.DeckOfCardsTest" file="/home/joesjo/dbwebb-kurser/mvc/me/report/tests/Cards/DeckOfCardsTest.php" line="28" assertions="1" time="0.072012"/>
        <testcase name="testGetCards" class="App\Tests\Cards\DeckOfCardsTest" classname="App.Tests.Cards.DeckOfCardsTest" file="/home/joesjo/dbwebb-kurser/mvc/me/report/tests/Cards/DeckOfCardsTest.php" line="38" assertions="2" time="0.000434"/>
        <testcase name="testCardCount" class="App\Tests\Cards\DeckOfCardsTest" classname="App.Tests.Cards.DeckOfCardsTest" file="/home/joesjo/dbwebb-kurser/mvc/me/report/tests/Cards/DeckOfCardsTest.php" line="47" assertions="2" time="0.000418"/>
        <testcase name="testSortDeck" class="App\Tests\Cards\DeckOfCardsTest" classname="App.Tests.Cards.DeckOfCardsTest" file="/home/joesjo/dbwebb-kurser/mvc/me/report/tests/Cards/DeckOfCardsTest.php" line="56" assertions="2" time="0.002978"/>
        <testcase name="testDrawCardException" class="App\Tests\Cards\DeckOfCardsTest" classname="App.Tests.Cards.DeckOfCardsTest" file="/home/joesjo/dbwebb-kurser/mvc/me/report/tests/Cards/DeckOfCardsTest.php" line="67" assertions="1" time="0.000670"/>
      </testsuite>
      <testsuite name="App\Tests\Cards\GameTwentyOneTest" file="/home/joesjo/dbwebb-kurser/mvc/me/report/tests/Cards/GameTwentyOneTest.php" tests="8" assertions="19" errors="0" warnings="0" failures="0" skipped="0" time="0.007928">
        <testcase name="testInitialScores" class="App\Tests\Cards\GameTwentyOneTest" classname="App.Tests.Cards.GameTwentyOneTest" file="/home/joesjo/dbwebb-kurser/mvc/me/report/tests/Cards/GameTwentyOneTest.php" line="11" assertions="2" time="0.001037"/>
        <testcase name="testDrawPlayerCard" class="App\Tests\Cards\GameTwentyOneTest" classname="App.Tests.Cards.GameTwentyOneTest" file="/home/joesjo/dbwebb-kurser/mvc/me/report/tests/Cards/GameTwentyOneTest.php" line="18" assertions="2" time="0.000705"/>
        <testcase name="testDrawDealerCard" class="App\Tests\Cards\GameTwentyOneTest" classname="App.Tests.Cards.GameTwentyOneTest" file="/home/joesjo/dbwebb-kurser/mvc/me/report/tests/Cards/GameTwentyOneTest.php" line="26" assertions="2" time="0.000455"/>
        <testcase name="testGetPlayerHand" class="App\Tests\Cards\GameTwentyOneTest" classname="App.Tests.Cards.GameTwentyOneTest" file="/home/joesjo/dbwebb-kurser/mvc/me/report/tests/Cards/GameTwentyOneTest.php" line="34" assertions="2" time="0.000442"/>
        <testcase name="testGetDealerHand" class="App\Tests\Cards\GameTwentyOneTest" classname="App.Tests.Cards.GameTwentyOneTest" file="/home/joesjo/dbwebb-kurser/mvc/me/report/tests/Cards/GameTwentyOneTest.php" line="43" assertions="2" time="0.000431"/>
        <testcase name="testGetDeckCount" class="App\Tests\Cards\GameTwentyOneTest" classname="App.Tests.Cards.GameTwentyOneTest" file="/home/joesjo/dbwebb-kurser/mvc/me/report/tests/Cards/GameTwentyOneTest.php" line="52" assertions="1" time="0.000463"/>
        <testcase name="testIsGameOver" class="App\Tests\Cards\GameTwentyOneTest" classname="App.Tests.Cards.GameTwentyOneTest" file="/home/joesjo/dbwebb-kurser/mvc/me/report/tests/Cards/GameTwentyOneTest.php" line="60" assertions="2" time="0.000838"/>
        <testcase name="testDetermineWinner" class="App\Tests\Cards\GameTwentyOneTest" classname="App.Tests.Cards.GameTwentyOneTest" file="/home/joesjo/dbwebb-kurser/mvc/me/report/tests/Cards/GameTwentyOneTest.php" line="71" assertions="6" time="0.003557"/>
      </testsuite>
      <testsuite name="App\Tests\Dice\DiceGraphicTest" file="/home/joesjo/dbwebb-kurser/mvc/me/report/tests/Dice/DiceGraphicTest.php" tests="4" assertions="10" errors="0" warnings="0" failures="0" skipped="0" time="0.002403">
        <testcase name="testInitialValueIsNull" class="App\Tests\Dice\DiceGraphicTest" classname="App.Tests.Dice.DiceGraphicTest" file="/home/joesjo/dbwebb-kurser/mvc/me/report/tests/Dice/DiceGraphicTest.php" line="10" assertions="1" time="0.000772"/>
        <testcase name="testRollReturnsValueBetween1And6" class="App\Tests\Dice\DiceGraphicTest" classname="App.Tests.Dice.DiceGraphicTest" file="/home/joesjo/dbwebb-kurser/mvc/me/report/tests/Dice/DiceGraphicTest.php" line="16" assertions="4" time="0.001033"/>
        <testcase name="testGetValueAfterRoll" class="App\Tests\Dice\DiceGraphicTest" classname="App.Tests.Dice.DiceGraphicTest" file="/home/joesjo/dbwebb-kurser/mvc/me/report/tests/Dice/DiceGraphicTest.php" line="24" assertions="4" time="0.000271"/>
        <testcase name="testGetAsString" class="App\Tests\Dice\DiceGraphicTest" classname="App.Tests.Dice.DiceGraphicTest" file="/home/joesjo/dbwebb-kurser/mvc/me/report/tests/Dice/DiceGraphicTest.php" line="33" assertions="1" time="0.000328"/>
      </testsuite>
      <testsuite name="App\Tests\Dice\DiceHandTest" file="/home/joesjo/dbwebb-kurser/mvc/me/report/tests/Dice/DiceHandTest.php" tests="5" assertions="24" errors="0" warnings="0" failures="0" skipped="0" time="0.002118">
        <testcase name="testAddDice" class="App\Tests\Dice\DiceHandTest" classname="App.Tests.Dice.DiceHandTest" file="/home/joesjo/dbwebb-kurser/mvc/me/report/tests/Dice/DiceHandTest.php" line="11" assertions="1" time="0.000578"/>
        <testcase name="testRoll" class="App\Tests\Dice\DiceHandTest" classname="App.Tests.Dice.DiceHandTest" file="/home/joesjo/dbwebb-kurser/mvc/me/report/tests/Dice/DiceHandTest.php" line="19" assertions="9" time="0.000359"/>
        <testcase name="testGetNumberDices" class="App\Tests\Dice\DiceHandTest" classname="App.Tests.Dice.DiceHandTest" file="/home/joesjo/dbwebb-kurser/mvc/me/report/tests/Dice/DiceHandTest.php" line="36" assertions="2" time="0.000198"/>
        <testcase name="testGetValues" class="App\Tests\Dice\DiceHandTest" classname="App.Tests.Dice.DiceHandTest" file="/home/joesjo/dbwebb-kurser/mvc/me/report/tests/Dice/DiceHandTest.php" line="46" assertions="9" time="0.000368"/>
        <testcase name="testGetString" class="App\Tests\Dice\DiceHandTest" classname="App.Tests.Dice.DiceHandTest" file="/home/joesjo/dbwebb-kurser/mvc/me/report/tests/Dice/DiceHandTest.php" line="63" assertions="3" time="0.000615"/>
      </testsuite>
      <testsuite name="App\Dice\DiceTest" file="/home/joesjo/dbwebb-kurser/mvc/me/report/tests/Dice/DiceTest.php" tests="3" assertions="6" errors="0" warnings="0" failures="0" skipped="0" time="0.000898">
        <testcase name="testCreateObject" class="App\Dice\DiceTest" classname="App.Dice.DiceTest" file="/home/joesjo/dbwebb-kurser/mvc/me/report/tests/Dice/DiceTest.php" line="15" assertions="2" time="0.000200"/>
        <testcase name="testRollDice" class="App\Dice\DiceTest" classname="App.Dice.DiceTest" file="/home/joesjo/dbwebb-kurser/mvc/me/report/tests/Dice/DiceTest.php" line="28" assertions="3" time="0.000499"/>
        <testcase name="testGetAsString" class="App\Dice\DiceTest" classname="App.Dice.DiceTest" file="/home/joesjo/dbwebb-kurser/mvc/me/report/tests/Dice/DiceTest.php" line="42" assertions="1" time="0.000198"/>
      </testsuite>
      <testsuite name="App\Tests\Entity\LibraryTest" file="/home/joesjo/dbwebb-kurser/mvc/me/report/tests/Entity/LibraryTest.php" tests="5" assertions="5" errors="0" warnings="0" failures="0" skipped="0" time="0.001516">
        <testcase name="testGetSetId" class="App\Tests\Entity\LibraryTest" classname="App.Tests.Entity.LibraryTest" file="/home/joesjo/dbwebb-kurser/mvc/me/report/tests/Entity/LibraryTest.php" line="10" assertions="1" time="0.000752"/>
        <testcase name="testGetSetTitle" class="App\Tests\Entity\LibraryTest" classname="App.Tests.Entity.LibraryTest" file="/home/joesjo/dbwebb-kurser/mvc/me/report/tests/Entity/LibraryTest.php" line="16" assertions="1" time="0.000194"/>
        <testcase name="testGetSetIsbn" class="App\Tests\Entity\LibraryTest" classname="App.Tests.Entity.LibraryTest" file="/home/joesjo/dbwebb-kurser/mvc/me/report/tests/Entity/LibraryTest.php" line="24" assertions="1" time="0.000199"/>
        <testcase name="testGetSetAuthor" class="App\Tests\Entity\LibraryTest" classname="App.Tests.Entity.LibraryTest" file="/home/joesjo/dbwebb-kurser/mvc/me/report/tests/Entity/LibraryTest.php" line="32" assertions="1" time="0.000183"/>
        <testcase name="testGetSetImageUrl" class="App\Tests\Entity\LibraryTest" classname="App.Tests.Entity.LibraryTest" file="/home/joesjo/dbwebb-kurser/mvc/me/report/tests/Entity/LibraryTest.php" line="40" assertions="1" time="0.000188"/>
      </testsuite>
    </testsuite>
  </testsuite>
</testsuites>
